1520566281126	geckodriver	INFO	geckodriver 0.19.1
1520566281151	geckodriver	INFO	Listening on 127.0.0.1:58813
1520566283285	mozrunner::runner	INFO	Running command: "C:\\Program Files (x86)\\Mozilla Firefox\\firefox.exe" "-marionette" "-profile" "C:\\Users\\coldplay\\AppData\\Local\\Temp\\rust_mozprofile.ovhWv6bZRCEC"
1520566286927	addons.manager	DEBUG	Application has been upgraded
1520566287005	addons.manager	DEBUG	Loaded provider scope for resource://gre/modules/addons/XPIProvider.jsm: ["XPIProvider"]
1520566287010	addons.manager	DEBUG	Loaded provider scope for resource://gre/modules/LightweightThemeManager.jsm: ["LightweightThemeManager"]
1520566287015	addons.manager	DEBUG	Loaded provider scope for resource://gre/modules/addons/GMPProvider.jsm
1520566287017	addons.manager	DEBUG	Loaded provider scope for resource://gre/modules/addons/PluginProvider.jsm
1520566287018	addons.manager	DEBUG	Starting provider: XPIProvider
1520566287018	addons.xpi	DEBUG	startup
1520566287019	addons.xpi	INFO	SystemAddonInstallLocation directory is missing
1520566287021	addons.xpi	INFO	Mapping aushelper@mozilla.org to C:\Program Files (x86)\Mozilla Firefox\browser\features\aushelper@mozilla.org.xpi
1520566287024	addons.xpi	INFO	Mapping e10srollout@mozilla.org to C:\Program Files (x86)\Mozilla Firefox\browser\features\e10srollout@mozilla.org.xpi
1520566287025	addons.xpi	INFO	Mapping firefox@getpocket.com to C:\Program Files (x86)\Mozilla Firefox\browser\features\firefox@getpocket.com.xpi
1520566287026	addons.xpi	INFO	Mapping webcompat@mozilla.org to C:\Program Files (x86)\Mozilla Firefox\browser\features\webcompat@mozilla.org.xpi
1520566287027	addons.xpi	INFO	Mapping {972ce4c6-7e08-4474-a285-3208198ce6fd} to C:\Program Files (x86)\Mozilla Firefox\browser\extensions\{972ce4c6-7e08-4474-a285-3208198ce6fd}.xpi
1520566287028	addons.xpi	DEBUG	checkForChanges
1520566287028	addons.xpi	INFO	SystemAddonInstallLocation directory is missing
1520566287028	addons.xpi	DEBUG	Loaded add-on state from prefs: {}
1520566287032	addons.xpi	DEBUG	New add-on aushelper@mozilla.org in app-system-defaults
1520566287032	addons.xpi	DEBUG	getModTime: Recursive scan of aushelper@mozilla.org
1520566287034	addons.xpi	DEBUG	New add-on e10srollout@mozilla.org in app-system-defaults
1520566287035	addons.xpi	DEBUG	getModTime: Recursive scan of e10srollout@mozilla.org
1520566287037	addons.xpi	DEBUG	New add-on firefox@getpocket.com in app-system-defaults
1520566287038	addons.xpi	DEBUG	getModTime: Recursive scan of firefox@getpocket.com
1520566287038	addons.xpi	DEBUG	New add-on webcompat@mozilla.org in app-system-defaults
1520566287039	addons.xpi	DEBUG	getModTime: Recursive scan of webcompat@mozilla.org
1520566287039	addons.xpi	DEBUG	New add-on {972ce4c6-7e08-4474-a285-3208198ce6fd} in app-global
1520566287040	addons.xpi	DEBUG	getModTime: Recursive scan of {972ce4c6-7e08-4474-a285-3208198ce6fd}
1520566287041	addons.xpi	DEBUG	getInstallState changed: true, state: {"app-system-defaults":{"aushelper@mozilla.org":{"d":"C:\\Program Files (x86)\\Mozilla Firefox\\browser\\features\\aushelper@mozilla.org.xpi","st":1517904041025},"e10srollout@mozilla.org":{"d":"C:\\Program Files (x86)\\Mozilla Firefox\\browser\\features\\e10srollout@mozilla.org.xpi","st":1517904041023},"firefox@getpocket.com":{"d":"C:\\Program Files (x86)\\Mozilla Firefox\\browser\\features\\firefox@getpocket.com.xpi","st":1517904041019},"webcompat@mozilla.org":{"d":"C:\\Program Files (x86)\\Mozilla Firefox\\browser\\features\\webcompat@mozilla.org.xpi","st":1517904040914}},"app-global":{"{972ce4c6-7e08-4474-a285-3208198ce6fd}":{"d":"C:\\Program Files (x86)\\Mozilla Firefox\\browser\\extensions\\{972ce4c6-7e08-4474-a285-3208198ce6fd}.xpi","st":1517904041028}}}
1520566287053	addons.xpi-utils	DEBUG	Opening XPI database C:\Users\coldplay\AppData\Local\Temp\rust_mozprofile.ovhWv6bZRCEC\extensions.json
1520566287056	addons.xpi-utils	DEBUG	New add-on aushelper@mozilla.org installed in app-system-defaults
*** Blocklist::_loadBlocklistFromFile: blocklist is disabled
1520566287084	DeferredSave.extensions.json	DEBUG	Save changes
1520566287085	addons.xpi-utils	DEBUG	New add-on e10srollout@mozilla.org installed in app-system-defaults
1520566287098	DeferredSave.extensions.json	DEBUG	Starting timer
1520566287100	DeferredSave.extensions.json	DEBUG	Save changes
1520566287100	addons.xpi-utils	DEBUG	New add-on firefox@getpocket.com installed in app-system-defaults
1520566287138	DeferredSave.extensions.json	DEBUG	Save changes
1520566287138	addons.xpi-utils	DEBUG	New add-on webcompat@mozilla.org installed in app-system-defaults
1520566287153	DeferredSave.extensions.json	DEBUG	Save changes
1520566287156	addons.xpi-utils	DEBUG	New add-on {972ce4c6-7e08-4474-a285-3208198ce6fd} installed in app-global
1520566287171	DeferredSave.extensions.json	DEBUG	Save changes
1520566287172	addons.manager	DEBUG	Registering startup change 'installed' for aushelper@mozilla.org
1520566287187	addons.xpi	DEBUG	Loading bootstrap scope from C:\Program Files (x86)\Mozilla Firefox\browser\features\aushelper@mozilla.org.xpi
1520566287200	addons.xpi	DEBUG	Calling bootstrap method install on aushelper@mozilla.org version 2.0
1520566287200	addons.xpi-utils	DEBUG	Make addon app-system-defaults:aushelper@mozilla.org visible
1520566287201	DeferredSave.extensions.json	DEBUG	Save changes
1520566287201	addons.manager	DEBUG	Registering startup change 'installed' for e10srollout@mozilla.org
1520566287201	addons.xpi	DEBUG	Loading bootstrap scope from C:\Program Files (x86)\Mozilla Firefox\browser\features\e10srollout@mozilla.org.xpi
1520566287205	addons.xpi	DEBUG	Calling bootstrap method install on e10srollout@mozilla.org version 1.10
1520566287209	addons.xpi-utils	DEBUG	Make addon app-system-defaults:e10srollout@mozilla.org visible
1520566287210	DeferredSave.extensions.json	DEBUG	Save changes
1520566287211	addons.manager	DEBUG	Registering startup change 'installed' for firefox@getpocket.com
1520566287212	addons.xpi	DEBUG	Loading bootstrap scope from C:\Program Files (x86)\Mozilla Firefox\browser\features\firefox@getpocket.com.xpi
1520566287219	addons.xpi	DEBUG	Calling bootstrap method install on firefox@getpocket.com version 1.0.5
1520566287219	addons.xpi-utils	DEBUG	Make addon app-system-defaults:firefox@getpocket.com visible
1520566287220	DeferredSave.extensions.json	DEBUG	Save changes
1520566287220	addons.manager	DEBUG	Registering startup change 'installed' for webcompat@mozilla.org
1520566287221	addons.xpi	DEBUG	Loading bootstrap scope from C:\Program Files (x86)\Mozilla Firefox\browser\features\webcompat@mozilla.org.xpi
1520566287224	addons.xpi	DEBUG	Calling bootstrap method install on webcompat@mozilla.org version 1.0
1520566287224	addons.xpi-utils	DEBUG	Make addon app-system-defaults:webcompat@mozilla.org visible
1520566287224	DeferredSave.extensions.json	DEBUG	Save changes
1520566287225	addons.xpi-utils	DEBUG	Make addon app-global:{972ce4c6-7e08-4474-a285-3208198ce6fd} visible
1520566287225	DeferredSave.extensions.json	DEBUG	Save changes
1520566287225	addons.xpi	DEBUG	Updating XPIState for {"id":"aushelper@mozilla.org","syncGUID":"{d3e0a420-a74b-4b67-8279-9329ec63ed1e}","location":"app-system-defaults","version":"2.0","type":"extension","internalName":null,"updateURL":null,"updateKey":null,"optionsURL":null,"optionsType":null,"aboutURL":null,"icons":{},"iconURL":null,"icon64URL":null,"defaultLocale":{"name":"Application Update Service Helper","description":"Sets value(s) in the update url based on custom checks.","creator":null,"homepageURL":null},"visible":true,"active":true,"userDisabled":false,"appDisabled":false,"descriptor":"C:\\Program Files (x86)\\Mozilla Firefox\\browser\\features\\aushelper@mozilla.org.xpi","installDate":1517904041025,"updateDate":1517904041025,"applyBackgroundUpdates":1,"bootstrap":true,"skinnable":false,"size":8488,"sourceURI":null,"releaseNotesURI":null,"softDisabled":false,"foreignInstall":false,"hasBinaryComponents":false,"strictCompatibility":false,"locales":[],"targetApplications":[{"id":"{ec8030f7-c20a-464f-9b0e-13a3a9e97384}","minVersion":"52.6.0","maxVersion":"52.*"}],"targetPlatforms":[],"multiprocessCompatible":true,"seen":true,"dependencies":[],"hasEmbeddedWebExtension":false,"mpcOptedOut":false}
1520566287226	addons.xpi	DEBUG	getModTime: Recursive scan of aushelper@mozilla.org
1520566287226	addons.xpi	DEBUG	Updating XPIState for {"id":"e10srollout@mozilla.org","syncGUID":"{e3c7f544-b84a-4b67-89a6-bd6797437ef7}","location":"app-system-defaults","version":"1.10","type":"extension","internalName":null,"updateURL":null,"updateKey":null,"optionsURL":null,"optionsType":null,"aboutURL":null,"icons":{},"iconURL":null,"icon64URL":null,"defaultLocale":{"name":"Multi-process staged rollout","description":"Staged rollout of Firefox multi-process feature.","creator":null,"homepageURL":null},"visible":true,"active":true,"userDisabled":false,"appDisabled":false,"descriptor":"C:\\Program Files (x86)\\Mozilla Firefox\\browser\\features\\e10srollout@mozilla.org.xpi","installDate":1517904041023,"updateDate":1517904041023,"applyBackgroundUpdates":1,"bootstrap":true,"skinnable":false,"size":8145,"sourceURI":null,"releaseNotesURI":null,"softDisabled":false,"foreignInstall":false,"hasBinaryComponents":false,"strictCompatibility":false,"locales":[],"targetApplications":[{"id":"{ec8030f7-c20a-464f-9b0e-13a3a9e97384}","minVersion":"52.6.0","maxVersion":"52.*"}],"targetPlatforms":[],"multiprocessCompatible":true,"seen":true,"dependencies":[],"hasEmbeddedWebExtension":false,"mpcOptedOut":false}
1520566287226	addons.xpi	DEBUG	getModTime: Recursive scan of e10srollout@mozilla.org
1520566287227	addons.xpi	DEBUG	Updating XPIState for {"id":"firefox@getpocket.com","syncGUID":"{fa027cf7-bcb9-4385-a85a-b95cc3884b42}","location":"app-system-defaults","version":"1.0.5","type":"extension","internalName":null,"updateURL":null,"updateKey":null,"optionsURL":null,"optionsType":null,"aboutURL":null,"icons":{},"iconURL":null,"icon64URL":null,"defaultLocale":{"name":"Pocket","description":"When you find something you want to view later, put it in Pocket.","creator":null,"homepageURL":null},"visible":true,"active":true,"userDisabled":false,"appDisabled":false,"descriptor":"C:\\Program Files (x86)\\Mozilla Firefox\\browser\\features\\firefox@getpocket.com.xpi","installDate":1517904041019,"updateDate":1517904041019,"applyBackgroundUpdates":1,"bootstrap":true,"skinnable":false,"size":920329,"sourceURI":null,"releaseNotesURI":null,"softDisabled":false,"foreignInstall":false,"hasBinaryComponents":false,"strictCompatibility":false,"locales":[],"targetApplications":[{"id":"{ec8030f7-c20a-464f-9b0e-13a3a9e97384}","minVersion":"52.6.0","maxVersion":"52.*"}],"targetPlatforms":[],"multiprocessCompatible":true,"seen":true,"dependencies":[],"hasEmbeddedWebExtension":false,"mpcOptedOut":false}
1520566287227	addons.xpi	DEBUG	getModTime: Recursive scan of firefox@getpocket.com
1520566287229	addons.xpi	DEBUG	Updating XPIState for {"id":"webcompat@mozilla.org","syncGUID":"{b37b2153-19b5-4037-bd8e-8d7ff80dc7de}","location":"app-system-defaults","version":"1.0","type":"extension","internalName":null,"updateURL":null,"updateKey":null,"optionsURL":null,"optionsType":null,"aboutURL":null,"icons":{},"iconURL":null,"icon64URL":null,"defaultLocale":{"name":"Web Compat","description":"Urgent post-release fixes for web compatibility.","creator":null,"homepageURL":null},"visible":true,"active":true,"userDisabled":false,"appDisabled":false,"descriptor":"C:\\Program Files (x86)\\Mozilla Firefox\\browser\\features\\webcompat@mozilla.org.xpi","installDate":1517904040914,"updateDate":1517904040914,"applyBackgroundUpdates":1,"bootstrap":true,"skinnable":false,"size":1456,"sourceURI":null,"releaseNotesURI":null,"softDisabled":false,"foreignInstall":false,"hasBinaryComponents":false,"strictCompatibility":false,"locales":[],"targetApplications":[{"id":"{ec8030f7-c20a-464f-9b0e-13a3a9e97384}","minVersion":"52.6.0","maxVersion":"52.*"}],"targetPlatforms":[],"multiprocessCompatible":true,"seen":true,"dependencies":[],"hasEmbeddedWebExtension":false,"mpcOptedOut":false}
1520566287229	addons.xpi	DEBUG	getModTime: Recursive scan of webcompat@mozilla.org
1520566287230	addons.xpi	DEBUG	Updating XPIState for {"id":"{972ce4c6-7e08-4474-a285-3208198ce6fd}","syncGUID":"{93be5ff9-c1a3-4a94-ab2a-e22720697bef}","location":"app-global","version":"52.6.0","type":"theme","internalName":"classic/1.0","updateURL":null,"updateKey":null,"optionsURL":null,"optionsType":null,"aboutURL":null,"icons":{"32":"icon.png","48":"icon.png"},"iconURL":null,"icon64URL":null,"defaultLocale":{"name":"Default","description":"The default theme.","creator":"Mozilla","homepageURL":null,"contributors":["Mozilla Contributors"]},"visible":true,"active":true,"userDisabled":false,"appDisabled":false,"descriptor":"C:\\Program Files (x86)\\Mozilla Firefox\\browser\\extensions\\{972ce4c6-7e08-4474-a285-3208198ce6fd}.xpi","installDate":1517904041028,"updateDate":1517904041028,"applyBackgroundUpdates":1,"skinnable":true,"size":19587,"sourceURI":null,"releaseNotesURI":null,"softDisabled":false,"foreignInstall":false,"hasBinaryComponents":false,"strictCompatibility":true,"locales":[],"targetApplications":[{"id":"{ec8030f7-c20a-464f-9b0e-13a3a9e97384}","minVersion":"52.6.0","maxVersion":"52.6.0"}],"targetPlatforms":[],"seen":true,"dependencies":[],"hasEmbeddedWebExtension":false}
1520566287230	addons.xpi	DEBUG	getModTime: Recursive scan of {972ce4c6-7e08-4474-a285-3208198ce6fd}
1520566287232	DeferredSave.extensions.json	DEBUG	Save changes
1520566287232	addons.xpi	DEBUG	Updating database with changes to installed add-ons
1520566287232	addons.xpi-utils	DEBUG	Updating add-on states
1520566287233	addons.xpi-utils	DEBUG	Writing add-ons list
1520566287244	addons.xpi	DEBUG	Registering manifest for C:\Program Files (x86)\Mozilla Firefox\browser\features\aushelper@mozilla.org.xpi
1520566287246	addons.xpi	DEBUG	Calling bootstrap method startup on aushelper@mozilla.org version 2.0
1520566287248	addons.xpi	DEBUG	Registering manifest for C:\Program Files (x86)\Mozilla Firefox\browser\features\e10srollout@mozilla.org.xpi
1520566287249	addons.xpi	DEBUG	Calling bootstrap method startup on e10srollout@mozilla.org version 1.10
1520566287250	addons.xpi	DEBUG	Registering manifest for C:\Program Files (x86)\Mozilla Firefox\browser\features\firefox@getpocket.com.xpi
1520566287251	addons.xpi	DEBUG	Calling bootstrap method startup on firefox@getpocket.com version 1.0.5
1520566287252	addons.xpi	DEBUG	Registering manifest for C:\Program Files (x86)\Mozilla Firefox\browser\features\webcompat@mozilla.org.xpi
1520566287253	addons.xpi	DEBUG	Calling bootstrap method startup on webcompat@mozilla.org version 1.0
1520566287257	addons.manager	DEBUG	Registering shutdown blocker for XPIProvider
1520566287257	addons.manager	DEBUG	Provider finished startup: XPIProvider
1520566287257	addons.manager	DEBUG	Starting provider: LightweightThemeManager
1520566287257	addons.manager	DEBUG	Registering shutdown blocker for LightweightThemeManager
1520566287257	addons.manager	DEBUG	Provider finished startup: LightweightThemeManager
1520566287258	addons.manager	DEBUG	Starting provider: GMPProvider
1520566287274	addons.manager	DEBUG	Registering shutdown blocker for GMPProvider
1520566287274	addons.manager	DEBUG	Provider finished startup: GMPProvider
1520566287274	addons.manager	DEBUG	Starting provider: PluginProvider
1520566287275	addons.manager	DEBUG	Registering shutdown blocker for PluginProvider
1520566287275	addons.manager	DEBUG	Provider finished startup: PluginProvider
1520566287275	addons.manager	DEBUG	Completed startup sequence
1520566288352	Marionette	INFO	Listening on port 2828
1520566288419	addons.manager	DEBUG	Starting provider: <unnamed-provider>
1520566288419	addons.manager	DEBUG	Registering shutdown blocker for <unnamed-provider>
1520566288419	addons.manager	DEBUG	Provider finished startup: <unnamed-provider>
1520566293149	addons.manager	DEBUG	Starting provider: PreviousExperimentProvider
1520566293150	addons.manager	DEBUG	Registering shutdown blocker for PreviousExperimentProvider
1520566293151	addons.manager	DEBUG	Provider finished startup: PreviousExperimentProvider
1520566293155	DeferredSave.extensions.json	DEBUG	Starting write
1520566294074	DeferredSave.extensions.json	DEBUG	Write succeeded
1520566294075	addons.xpi-utils	DEBUG	XPI Database saved, setting schema version preference to 19
1520566321154	addons.xpi	DEBUG	Calling bootstrap method shutdown on webcompat@mozilla.org version 1.0
1520566321155	addons.xpi	DEBUG	Calling bootstrap method shutdown on firefox@getpocket.com version 1.0.5
1520566321156	addons.xpi	DEBUG	Calling bootstrap method shutdown on e10srollout@mozilla.org version 1.10
1520566321157	addons.xpi	DEBUG	Calling bootstrap method shutdown on aushelper@mozilla.org version 2.0
1520566321445	addons.manager	DEBUG	shutdown
1520566321445	addons.manager	DEBUG	Calling shutdown blocker for XPIProvider
1520566321446	addons.xpi	DEBUG	shutdown
1520566321446	addons.xpi-utils	DEBUG	shutdown
1520566321447	addons.manager	DEBUG	Calling shutdown blocker for LightweightThemeManager
1520566321447	addons.manager	DEBUG	Calling shutdown blocker for GMPProvider
1520566321450	addons.manager	DEBUG	Calling shutdown blocker for PluginProvider
1520566321451	addons.manager	DEBUG	Calling shutdown blocker for <unnamed-provider>
1520566321454	addons.manager	DEBUG	Calling shutdown blocker for PreviousExperimentProvider
1520566321458	addons.xpi	DEBUG	Notifying XPI shutdown observers
1520566321464	addons.manager	DEBUG	Async provider shutdown done
